This is pdfTeX, Version 3.14159265-2.6-1.40.16 (TeX Live 2015/Debian) (preloaded format=pdflatex 2018.4.11)  14 MAR 2019 17:21
entering extended mode
 restricted \write18 enabled.
 %&-line parsing enabled.
**scroll.tex
(./scroll.tex
LaTeX2e <2016/02/01>
Babel <3.9q> and hyphenation patterns for 3 language(s) loaded.
(/usr/share/texlive/texmf-dist/tex/latex/base/article.cls
Document Class: article 2014/09/29 v1.4h Standard LaTeX document class
(/usr/share/texlive/texmf-dist/tex/latex/base/size11.clo
File: size11.clo 2014/09/29 v1.4h Standard LaTeX file (size option)
)
\c@part=\count79
\c@section=\count80
\c@subsection=\count81
\c@subsubsection=\count82
\c@paragraph=\count83
\c@subparagraph=\count84
\c@figure=\count85
\c@table=\count86
\abovecaptionskip=\skip41
\belowcaptionskip=\skip42
\bibindent=\dimen102
)
(/usr/share/texlive/texmf-dist/tex/latex/hyperref/hyperref.sty
Package: hyperref 2012/11/06 v6.83m Hypertext links for LaTeX

(/usr/share/texlive/texmf-dist/tex/generic/oberdiek/hobsub-hyperref.sty
Package: hobsub-hyperref 2012/05/28 v1.13 Bundle oberdiek, subset hyperref (HO)


(/usr/share/texlive/texmf-dist/tex/generic/oberdiek/hobsub-generic.sty
Package: hobsub-generic 2012/05/28 v1.13 Bundle oberdiek, subset generic (HO)
Package: hobsub 2012/05/28 v1.13 Construct package bundles (HO)
Package: infwarerr 2010/04/08 v1.3 Providing info/warning/error messages (HO)
Package: ltxcmds 2011/11/09 v1.22 LaTeX kernel commands for general use (HO)
Package: ifluatex 2010/03/01 v1.3 Provides the ifluatex switch (HO)
Package ifluatex Info: LuaTeX not detected.
Package: ifvtex 2010/03/01 v1.5 Detect VTeX and its facilities (HO)
Package ifvtex Info: VTeX not detected.
Package: intcalc 2007/09/27 v1.1 Expandable calculations with integers (HO)
Package: ifpdf 2011/01/30 v2.3 Provides the ifpdf switch (HO)
Package ifpdf Info: pdfTeX in PDF mode is detected.
Package: etexcmds 2011/02/16 v1.5 Avoid name clashes with e-TeX commands (HO)
Package etexcmds Info: Could not find \expanded.
(etexcmds)             That can mean that you are not using pdfTeX 1.50 or
(etexcmds)             that some package has redefined \expanded.
(etexcmds)             In the latter case, load this package earlier.
Package: kvsetkeys 2012/04/25 v1.16 Key value parser (HO)
Package: kvdefinekeys 2011/04/07 v1.3 Define keys (HO)
Package: pdftexcmds 2011/11/29 v0.20 Utility functions of pdfTeX for LuaTeX (HO
)
Package pdftexcmds Info: LuaTeX not detected.
Package pdftexcmds Info: \pdf@primitive is available.
Package pdftexcmds Info: \pdf@ifprimitive is available.
Package pdftexcmds Info: \pdfdraftmode found.
Package: pdfescape 2011/11/25 v1.13 Implements pdfTeX's escape features (HO)
Package: bigintcalc 2012/04/08 v1.3 Expandable calculations on big integers (HO
)
Package: bitset 2011/01/30 v1.1 Handle bit-vector datatype (HO)
Package: uniquecounter 2011/01/30 v1.2 Provide unlimited unique counter (HO)
)
Package hobsub Info: Skipping package `hobsub' (already loaded).
Package: letltxmacro 2010/09/02 v1.4 Let assignment for LaTeX macros (HO)
Package: hopatch 2012/05/28 v1.2 Wrapper for package hooks (HO)
Package: xcolor-patch 2011/01/30 xcolor patch
Package: atveryend 2011/06/30 v1.8 Hooks at the very end of document (HO)
Package atveryend Info: \enddocument detected (standard20110627).
Package: atbegshi 2011/10/05 v1.16 At begin shipout hook (HO)
Package: refcount 2011/10/16 v3.4 Data extraction from label references (HO)
Package: hycolor 2011/01/30 v1.7 Color options for hyperref/bookmark (HO)
)
(/usr/share/texlive/texmf-dist/tex/latex/graphics/keyval.sty
Package: keyval 2014/10/28 v1.15 key=value parser (DPC)
\KV@toks@=\toks14
)
(/usr/share/texlive/texmf-dist/tex/generic/ifxetex/ifxetex.sty
Package: ifxetex 2010/09/12 v0.6 Provides ifxetex conditional
)
(/usr/share/texlive/texmf-dist/tex/latex/oberdiek/auxhook.sty
Package: auxhook 2011/03/04 v1.3 Hooks for auxiliary files (HO)
)
(/usr/share/texlive/texmf-dist/tex/latex/oberdiek/kvoptions.sty
Package: kvoptions 2011/06/30 v3.11 Key value format for package options (HO)
)
\@linkdim=\dimen103
\Hy@linkcounter=\count87
\Hy@pagecounter=\count88

(/usr/share/texlive/texmf-dist/tex/latex/hyperref/pd1enc.def
File: pd1enc.def 2012/11/06 v6.83m Hyperref: PDFDocEncoding definition (HO)
)
\Hy@SavedSpaceFactor=\count89

(/usr/share/texlive/texmf-dist/tex/latex/latexconfig/hyperref.cfg
File: hyperref.cfg 2002/06/06 v1.2 hyperref configuration of TeXLive
)
Package hyperref Info: Hyper figures OFF on input line 4443.
Package hyperref Info: Link nesting OFF on input line 4448.
Package hyperref Info: Hyper index ON on input line 4451.
Package hyperref Info: Plain pages OFF on input line 4458.
Package hyperref Info: Backreferencing OFF on input line 4463.
Package hyperref Info: Implicit mode ON; LaTeX internals redefined.
Package hyperref Info: Bookmarks ON on input line 4688.
\c@Hy@tempcnt=\count90

(/usr/share/texlive/texmf-dist/tex/latex/url/url.sty
\Urlmuskip=\muskip10
Package: url 2013/09/16  ver 3.4  Verb mode for urls, etc.
)
LaTeX Info: Redefining \url on input line 5041.
\XeTeXLinkMargin=\dimen104
\Fld@menulength=\count91
\Field@Width=\dimen105
\Fld@charsize=\dimen106
Package hyperref Info: Hyper figures OFF on input line 6295.
Package hyperref Info: Link nesting OFF on input line 6300.
Package hyperref Info: Hyper index ON on input line 6303.
Package hyperref Info: backreferencing OFF on input line 6310.
Package hyperref Info: Link coloring OFF on input line 6315.
Package hyperref Info: Link coloring with OCG OFF on input line 6320.
Package hyperref Info: PDF/A mode OFF on input line 6325.
LaTeX Info: Redefining \ref on input line 6365.
LaTeX Info: Redefining \pageref on input line 6369.
\Hy@abspage=\count92
\c@Item=\count93
\c@Hfootnote=\count94
)

Package hyperref Message: Driver (autodetected): hpdftex.

(/usr/share/texlive/texmf-dist/tex/latex/hyperref/hpdftex.def
File: hpdftex.def 2012/11/06 v6.83m Hyperref driver for pdfTeX
\Fld@listcount=\count95
\c@bookmark@seq@number=\count96

(/usr/share/texlive/texmf-dist/tex/latex/oberdiek/rerunfilecheck.sty
Package: rerunfilecheck 2011/04/15 v1.7 Rerun checks for auxiliary files (HO)
Package uniquecounter Info: New unique counter `rerunfilecheck' on input line 2
82.
)
\Hy@SectionHShift=\skip43
)
(/usr/share/texlive/texmf-dist/tex/latex/graphics/graphicx.sty
Package: graphicx 2014/10/28 v1.0g Enhanced LaTeX Graphics (DPC,SPQR)

(/usr/share/texlive/texmf-dist/tex/latex/graphics/graphics.sty
Package: graphics 2016/01/03 v1.0q Standard LaTeX Graphics (DPC,SPQR)

(/usr/share/texlive/texmf-dist/tex/latex/graphics/trig.sty
Package: trig 2016/01/03 v1.10 sin cos tan (DPC)
)
(/usr/share/texlive/texmf-dist/tex/latex/latexconfig/graphics.cfg
File: graphics.cfg 2010/04/23 v1.9 graphics configuration of TeX Live
)
Package graphics Info: Driver file: pdftex.def on input line 95.

(/usr/share/texlive/texmf-dist/tex/latex/pdftex-def/pdftex.def
File: pdftex.def 2011/05/27 v0.06d Graphics/color for pdfTeX
\Gread@gobject=\count97
))
\Gin@req@height=\dimen107
\Gin@req@width=\dimen108
)
(/usr/share/texlive/texmf-dist/tex/latex/listings/listings.sty
\lst@mode=\count98
\lst@gtempboxa=\box26
\lst@token=\toks15
\lst@length=\count99
\lst@currlwidth=\dimen109
\lst@column=\count100
\lst@pos=\count101
\lst@lostspace=\dimen110
\lst@width=\dimen111
\lst@newlines=\count102
\lst@lineno=\count103
\lst@maxwidth=\dimen112

(/usr/share/texlive/texmf-dist/tex/latex/listings/lstmisc.sty
File: lstmisc.sty 2015/06/04 1.6 (Carsten Heinz)
\c@lstnumber=\count104
\lst@skipnumbers=\count105
\lst@framebox=\box27
)
(/usr/share/texlive/texmf-dist/tex/latex/listings/listings.cfg
File: listings.cfg 2015/06/04 1.6 listings configuration
))
Package: listings 2015/06/04 1.6 (Carsten Heinz)

(/usr/share/texlive/texmf-dist/tex/latex/geometry/geometry.sty
Package: geometry 2010/09/12 v5.6 Page Geometry
\Gm@cnth=\count106
\Gm@cntv=\count107
\c@Gm@tempcnt=\count108
\Gm@bindingoffset=\dimen113
\Gm@wd@mp=\dimen114
\Gm@odd@mp=\dimen115
\Gm@even@mp=\dimen116
\Gm@layoutwidth=\dimen117
\Gm@layoutheight=\dimen118
\Gm@layouthoffset=\dimen119
\Gm@layoutvoffset=\dimen120
\Gm@dimlist=\toks16
) (./scroll.aux)
\openout1 = `scroll.aux'.

LaTeX Font Info:    Checking defaults for OML/cmm/m/it on input line 8.
LaTeX Font Info:    ... okay on input line 8.
LaTeX Font Info:    Checking defaults for T1/cmr/m/n on input line 8.
LaTeX Font Info:    ... okay on input line 8.
LaTeX Font Info:    Checking defaults for OT1/cmr/m/n on input line 8.
LaTeX Font Info:    ... okay on input line 8.
LaTeX Font Info:    Checking defaults for OMS/cmsy/m/n on input line 8.
LaTeX Font Info:    ... okay on input line 8.
LaTeX Font Info:    Checking defaults for OMX/cmex/m/n on input line 8.
LaTeX Font Info:    ... okay on input line 8.
LaTeX Font Info:    Checking defaults for U/cmr/m/n on input line 8.
LaTeX Font Info:    ... okay on input line 8.
LaTeX Font Info:    Checking defaults for PD1/pdf/m/n on input line 8.
LaTeX Font Info:    ... okay on input line 8.
\AtBeginShipoutBox=\box28
Package hyperref Info: Link coloring OFF on input line 8.

(/usr/share/texlive/texmf-dist/tex/latex/hyperref/nameref.sty
Package: nameref 2012/10/27 v2.43 Cross-referencing by name of section

(/usr/share/texlive/texmf-dist/tex/generic/oberdiek/gettitlestring.sty
Package: gettitlestring 2010/12/03 v1.4 Cleanup title references (HO)
)
\c@section@level=\count109
)
LaTeX Info: Redefining \ref on input line 8.
LaTeX Info: Redefining \pageref on input line 8.
LaTeX Info: Redefining \nameref on input line 8.

(./scroll.out) (./scroll.out)
\@outlinefile=\write3
\openout3 = `scroll.out'.


(/usr/share/texlive/texmf-dist/tex/context/base/supp-pdf.mkii
[Loading MPS to PDF converter (version 2006.09.02).]
\scratchcounter=\count110
\scratchdimen=\dimen121
\scratchbox=\box29
\nofMPsegments=\count111
\nofMParguments=\count112
\everyMPshowfont=\toks17
\MPscratchCnt=\count113
\MPscratchDim=\dimen122
\MPnumerator=\count114
\makeMPintoPDFobject=\count115
\everyMPtoPDFconversion=\toks18
) (/usr/share/texlive/texmf-dist/tex/latex/oberdiek/epstopdf-base.sty
Package: epstopdf-base 2010/02/09 v2.5 Base part for package epstopdf

(/usr/share/texlive/texmf-dist/tex/latex/oberdiek/grfext.sty
Package: grfext 2010/08/19 v1.1 Manage graphics extensions (HO)
)
Package grfext Info: Graphics extension search list:
(grfext)             [.png,.pdf,.jpg,.mps,.jpeg,.jbig2,.jb2,.PNG,.PDF,.JPG,.JPE
G,.JBIG2,.JB2,.eps]
(grfext)             \AppendGraphicsExtensions on input line 452.

(/usr/share/texlive/texmf-dist/tex/latex/latexconfig/epstopdf-sys.cfg
File: epstopdf-sys.cfg 2010/07/13 v1.3 Configuration of (r)epstopdf for TeX Liv
e
))
\c@lstlisting=\count116

*geometry* driver: auto-detecting
*geometry* detected driver: pdftex
*geometry* verbose mode - [ preamble ] result:
* driver: pdftex
* paper: custom
* layout: <same size as paper>
* layoutoffset:(h,v)=(0.0pt,0.0pt)
* modes: 
* h-part:(L,W,R)=(36.135pt, 325.215pt, 36.135pt)
* v-part:(T,H,B)=(36.135pt, 542.02501pt, 36.135pt)
* \paperwidth=397.48499pt
* \paperheight=614.295pt
* \textwidth=325.215pt
* \textheight=542.02501pt
* \oddsidemargin=-36.135pt
* \evensidemargin=-36.135pt
* \topmargin=-73.135pt
* \headheight=12.0pt
* \headsep=25.0pt
* \topskip=11.0pt
* \footskip=30.0pt
* \marginparwidth=59.0pt
* \marginparsep=10.0pt
* \columnsep=10.0pt
* \skip\footins=10.0pt plus 4.0pt minus 2.0pt
* \hoffset=0.0pt
* \voffset=0.0pt
* \mag=1000
* \@twocolumnfalse
* \@twosidefalse
* \@mparswitchfalse
* \@reversemarginfalse
* (1in=72.27pt=25.4mm, 1cm=28.453pt)

<image1.png, id=4, 250.9375pt x 250.9375pt>
File: image1.png Graphic file (type png)
 <use image1.png>
Package pdftex.def Info: image1.png used on input line 12.
(pdftex.def)             Requested size: 250.93687pt x 250.93687pt.
LaTeX Font Info:    Try loading font information for OMS+cmr on input line 26.

(/usr/share/texlive/texmf-dist/tex/latex/base/omscmr.fd
File: omscmr.fd 2014/09/29 v2.5h Standard LaTeX font definitions
)
LaTeX Font Info:    Font shape `OMS/cmr/m/n' in size <10.95> not available
(Font)              Font shape `OMS/cmsy/m/n' tried instead on input line 26.

<image3.png, id=6, 250.9375pt x 250.9375pt>
File: image3.png Graphic file (type png)
 <use image3.png>
Package pdftex.def Info: image3.png used on input line 81.
(pdftex.def)             Requested size: 250.93687pt x 250.93687pt.

<image4.png, id=7, 200.75pt x 200.75pt> [1

{/var/lib/texmf/fonts/map/pdftex/updmap/pdftex.map} <./image1.png>]
File: image4.png Graphic file (type png)
 <use image4.png>
Package pdftex.def Info: image4.png used on input line 83.
(pdftex.def)             Requested size: 200.7495pt x 200.7495pt.

<image5.png, id=23, 490.83376pt x 97.36375pt>
File: image5.png Graphic file (type png)
 <use image5.png>
Package pdftex.def Info: image5.png used on input line 85.
(pdftex.def)             Requested size: 252.94499pt x 50.17482pt.

<image6.png, id=24, 233.87375pt x 255.95625pt>
File: image6.png Graphic file (type png)
 <use image6.png>
Package pdftex.def Info: image6.png used on input line 87.
(pdftex.def)             Requested size: 233.87315pt x 255.95561pt.

<image7.png, id=25, 542.025pt x 103.38625pt> [2 <./image3.png> <./image4.png> <
./image5.png>]
File: image7.png Graphic file (type png)
 <use image7.png>
Package pdftex.def Info: image7.png used on input line 89.
(pdftex.def)             Requested size: 252.94499pt x 48.24605pt.
 <image8.png, id=33, 280.04625pt x 283.0575pt>
File: image8.png Graphic file (type png)

<use image8.png>
Package pdftex.def Info: image8.png used on input line 91.
(pdftex.def)             Requested size: 280.04555pt x 283.0568pt.
 <image9.png, id=34, 636.3775pt x 123.46124pt> [3 <./image6.png> <./image7.png>
]
File: image9.png Graphic file (type png)
 <use image9.png>
Package pdftex.def Info: image9.png used on input line 93.
(pdftex.def)             Requested size: 252.94499pt x 49.07277pt.

<image10.png, id=41, 233.87375pt x 255.95625pt>
File: image10.png Graphic file (type png)
 <use image10.png>
Package pdftex.def Info: image10.png used on input line 95.
(pdftex.def)             Requested size: 233.87315pt x 255.95561pt.

<image11.png, id=42, 525.965pt x 116.435pt> [4 <./image8.png> <./image9.png>]
File: image11.png Graphic file (type png)

<use image11.png>
Package pdftex.def Info: image11.png used on input line 97.
(pdftex.def)             Requested size: 252.94499pt x 55.99654pt.
 <image12.png, id=49, 233.87375pt x 222.8325pt>
File: image12.png Graphic file (type png)

<use image12.png>
Package pdftex.def Info: image12.png used on input line 99.
(pdftex.def)             Requested size: 233.87315pt x 222.83195pt.
 <image13.png, id=50, 457.71pt x 152.57pt>
File: image13.png Graphic file (type png)
 <use image13.png>
Package pdftex.def Info: image13.png used on input line 101.
(pdftex.def)             Requested size: 252.94499pt x 84.31418pt.

<image14.png, id=51, 226.8475pt x 228.855pt> [5 <./image10.png> <./image11.png>
 <./image12.png>]
File: image14.png Graphic file (type png)
 <use image14.png>
Package pdftex.def Info: image14.png used on input line 103.
(pdftex.def)             Requested size: 226.84694pt x 228.85443pt.

<image15.png, id=59, 475.7775pt x 183.68625pt>
File: image15.png Graphic file (type png)
 <use image15.png>
Package pdftex.def Info: image15.png used on input line 105.
(pdftex.def)             Requested size: 252.94499pt x 97.65593pt.

<image16.png, id=60, 280.04625pt x 286.06876pt>
File: image16.png Graphic file (type png)
 <use image16.png>
Package pdftex.def Info: image16.png used on input line 107.
(pdftex.def)             Requested size: 280.04555pt x 286.06805pt.

<image17.png, id=61, 675.52374pt x 233.87375pt> [6 <./image13.png> <./image14.p
ng> <./image15.png>]
File: image17.png Graphic file (type png)
 <use image17.png>
Package pdftex.def Info: image17.png used on input line 109.
(pdftex.def)             Requested size: 252.94499pt x 87.57039pt.

<image18.png, id=69, 269.005pt x 233.87375pt>
File: image18.png Graphic file (type png)
 <use image18.png>
Package pdftex.def Info: image18.png used on input line 111.
(pdftex.def)             Requested size: 269.00433pt x 233.87315pt.

<image19.png, id=70, 553.06625pt x 140.525pt> [7 <./image16.png> <./image17.png
>]
File: image19.png Graphic file (type png)
 <use image19.png>
Package pdftex.def Info: image19.png used on input line 113.
(pdftex.def)             Requested size: 252.94499pt x 64.26918pt.
 <image20.png, id=78, 401.5pt x 140.525pt>
File: image20.png Graphic file (type png)

<use image20.png>
Package pdftex.def Info: image20.png used on input line 115.
(pdftex.def)             Requested size: 252.94499pt x 88.53334pt.
 <image21.png, id=79, 480.79625pt x 140.525pt>
File: image21.png Graphic file (type png)

<use image21.png>
Package pdftex.def Info: image21.png used on input line 117.
(pdftex.def)             Requested size: 252.94499pt x 73.9311pt.
 <image22.png, id=80, 716.6775pt x 413.545pt>
File: image22.png Graphic file (type png)

<use image22.png>
Package pdftex.def Info: image22.png used on input line 119.
(pdftex.def)             Requested size: 252.94499pt x 145.95447pt.
 <image23.png, id=81, 352.31625pt x 413.545pt> [8 <./image18.png> <./image19.pn
g> <./image20.png> <./image21.png>]
File: image23.png Graphic file (type png)
 <use image23.png>
Package pdftex.def Info: image23.png used on input line 121.
(pdftex.def)             Requested size: 252.94499pt x 296.90028pt.

<image24.png, id=90, 443.6575pt x 413.545pt>
File: image24.png Graphic file (type png)
 <use image24.png>
Package pdftex.def Info: image24.png used on input line 123.
(pdftex.def)             Requested size: 252.94499pt x 235.77357pt.

<image25.png, id=91, 405.515pt x 504.88625pt> [9 <./image22.png> <./image23.png
>]
File: image25.png Graphic file (type png)
 <use image25.png>
Package pdftex.def Info: image25.png used on input line 125.
(pdftex.def)             Requested size: 252.94499pt x 314.9368pt.
 <image26.png, id=98, 553.06625pt x 203.76125pt> [10 <./image24.png>]
File: image26.png Graphic file (type png)
 <use image26.png>
Package pdftex.def Info: image26.png used on input line 127.
(pdftex.def)             Requested size: 252.94499pt x 93.1903pt.
 <image27.png, id=104, 250.9375pt x 124.465pt>
File: image27.png Graphic file (type png)

<use image27.png>
Package pdftex.def Info: image27.png used on input line 129.
(pdftex.def)             Requested size: 250.93687pt x 124.46469pt.
 <image28.png, id=105, 430.60875pt x 164.615pt>
File: image28.png Graphic file (type png)

<use image28.png>
Package pdftex.def Info: image28.png used on input line 131.
(pdftex.def)             Requested size: 252.94499pt x 96.70001pt.
 <image29.png, id=106, 140.525pt x 164.615pt> [11 <./image25.png> <./image26.pn
g> <./image27.png>]
File: image29.png Graphic file (type png)
 <use image29.png>
Package pdftex.def Info: image29.png used on input line 133.
(pdftex.def)             Requested size: 140.52464pt x 164.6146pt.

<image30.png, id=114, 409.53pt x 164.615pt>
File: image30.png Graphic file (type png)
 <use image30.png>
Package pdftex.def Info: image30.png used on input line 135.
(pdftex.def)             Requested size: 252.94499pt x 101.67593pt.

<image31.png, id=115, 171.64125pt x 164.615pt>
File: image31.png Graphic file (type png)
 <use image31.png>
Package pdftex.def Info: image31.png used on input line 137.
(pdftex.def)             Requested size: 171.64081pt x 164.6146pt.

<image32.png, id=116, 378.41376pt x 164.615pt>
File: image32.png Graphic file (type png)
 <use image32.png>
Package pdftex.def Info: image32.png used on input line 139.
(pdftex.def)             Requested size: 252.94499pt x 110.03526pt.

<image33.png, id=117, 146.5475pt x 164.615pt> [12 <./image28.png> <./image29.pn
g> <./image30.png> <./image31.png>]
File: image33.png Graphic file (type png)
 <use image33.png>
Package pdftex.def Info: image33.png used on input line 141.
(pdftex.def)             Requested size: 146.54712pt x 164.6146pt.

<image34.png, id=126, 417.56pt x 243.91125pt>
File: image34.png Graphic file (type png)
 <use image34.png>
Package pdftex.def Info: image34.png used on input line 143.
(pdftex.def)             Requested size: 252.94499pt x 147.7547pt.

<image35.png, id=127, 185.69376pt x 182.6825pt>
File: image35.png Graphic file (type png)
 <use image35.png>
Package pdftex.def Info: image35.png used on input line 145.
(pdftex.def)             Requested size: 185.6933pt x 182.68204pt.

<image36.png, id=128, 409.53pt x 182.6825pt> [13 <./image32.png> <./image33.png
> <./image34.png>]
File: image36.png Graphic file (type png)
 <use image36.png>
Package pdftex.def Info: image36.png used on input line 147.
(pdftex.def)             Requested size: 252.94499pt x 112.83548pt.

<image37.png, id=137, 448.67625pt x 112.42pt>
File: image37.png Graphic file (type png)
 <use image37.png>
Package pdftex.def Info: image37.png used on input line 149.
(pdftex.def)             Requested size: 252.94499pt x 63.37675pt.

<image38.png, id=138, 448.67625pt x 112.42pt>
File: image38.png Graphic file (type png)
 <use image38.png>
Package pdftex.def Info: image38.png used on input line 151.
(pdftex.def)             Requested size: 252.94499pt x 63.37675pt.

<image39.png, id=139, 537.00626pt x 448.67625pt>
File: image39.png Graphic file (type png)
 <use image39.png>
Package pdftex.def Info: image39.png used on input line 153.
(pdftex.def)             Requested size: 252.94499pt x 211.33656pt.

<image40.png, id=140, 448.67625pt x 448.67625pt> [14 <./image35.png> <./image36
.png> <./image37.png> <./image38.png>]
File: image40.png Graphic file (type png)
 <use image40.png>
Package pdftex.def Info: image40.png used on input line 155.
(pdftex.def)             Requested size: 252.94499pt x 252.94116pt.

<image41.png, id=149, 426.59375pt x 64.24pt>
File: image41.png Graphic file (type png)
 <use image41.png>
Package pdftex.def Info: image41.png used on input line 157.
(pdftex.def)             Requested size: 252.94499pt x 38.09143pt.

<image42.png, id=150, 499.8675pt x 90.3375pt>
File: image42.png Graphic file (type png)
 <use image42.png>
Package pdftex.def Info: image42.png used on input line 159.
(pdftex.def)             Requested size: 252.94499pt x 45.7131pt.
Package atveryend Info: Empty hook `BeforeClearDocument' on input line 163.
 [15 <./image39.png> <./image40.png> <./image41.png>] [16 <./image42.png>]
Package atveryend Info: Empty hook `AfterLastShipout' on input line 163.
 (./scroll.aux)
Package atveryend Info: Executing hook `AtVeryEndDocument' on input line 163.
Package atveryend Info: Executing hook `AtEndAfterFileList' on input line 163.
Package rerunfilecheck Info: File `scroll.out' has not changed.
(rerunfilecheck)             Checksum: D41D8CD98F00B204E9800998ECF8427E;0.
Package atveryend Info: Empty hook `AtVeryVeryEnd' on input line 163.
 ) 
Here is how much of TeX's memory you used:
 6881 strings out of 494953
 101830 string characters out of 6180977
 186711 words of memory out of 5000000
 10085 multiletter control sequences out of 15000+600000
 4197 words of font info for 16 fonts, out of 8000000 for 9000
 14 hyphenation exceptions out of 8191
 29i,5n,32p,223b,1090s stack positions out of 5000i,500n,10000p,200000b,80000s
</usr/share/texlive/texmf-dist/fonts/type1/public/amsfonts/cm/cmr10.pfb></usr
/share/texlive/texmf-dist/fonts/type1/public/amsfonts/cm/cmsy10.pfb>
Output written on scroll.pdf (16 pages, 394339 bytes).
PDF statistics:
 178 PDF objects out of 1000 (max. 8388607)
 75 compressed objects within 1 object stream
 24 named destinations out of 1000 (max. 500000)
 206 words of extra memory for PDF output out of 10000 (max. 10000000)

